-0.00003245160393145  0.17820395861065008  682.32248117714448199  
-0.00003245160393145  0.17820395861064792  742.32248117714425462  
-0.00003245160393145  0.17820395861064733  802.32248117714584623  
-0.00003268117742570  0.17672646093176164  862.13909785112218742  
-0.00003268117742570  0.17672646093176675  922.13909785111923156  
-0.00003268117742570  0.17672646093176375  972.13909785111968631  
-0.00003270607405180  0.17304359451926035  1036.99941133582342445  
-0.00003270607405180  0.17304359451925752  1091.99941133582933617  
-0.00003272328710552  0.17219456579556336  1147.54516637586857541  
-0.00003269514939307  0.17119274110469926  1202.40815230517273449  
-0.00003274536872489  0.17051292810812801  1256.34510162359219976  
-0.00003274151434991  0.16966342488087560  1309.60300752875855324  
-0.00003273061883294  0.16881691450923000  1362.13210600015599994  
-0.00003269852056066  0.16784631300191385  1414.08821633361685599  
-0.00003269667194274  0.16706407945034152  1465.11762257713371582  
-0.00003270652684118  0.16631219740209721  1515.51817540672527684  
-0.00003266990465547  0.16538529647607786  1565.28978850320618221  
-0.00003264342233566  0.16455095176438572  1614.30695179658368943  
-0.00003269751256759  0.16402077399770254  1662.43482378985345349  
-0.00003265050993596  0.16313040117211727  1710.14287402221498269  
-0.00003263266200866  0.16236819406215230  1757.07870866696566736  
-0.00003259927875832  0.16152958994242467  1803.42530167671884556  
-0.00003257866631333  0.16076147233198279  1849.07255860770396794  
-0.00003256949279459  0.16007225844218451  1894.01871593455734910  
-0.00003253140992983  0.15926449802056838  1938.42223137363589558  
-0.00003251591094544  0.15857417699266660  1982.10654483381813407  
-0.00003252460058922  0.15798918660836600  2025.13247223160828980  
-0.00003252121257072  0.15739588506027710  2067.49418573125058174  
-0.00003252458867385  0.15682906048833975  2109.23845629566858406  
-0.00003251344409493  0.15621668768993038  2150.46792371804031063  
-0.00003249826436029  0.15559940609438286  2191.10476780975614020  
-0.00003250430107424  0.15507921355060045  2231.13046882987919162  
-0.00003250550344247  0.15456421919343194  2270.56612467919603660  
-0.00003251149604320  0.15408470030456178  2309.44007117091769032  
-0.00003250919748648  0.15358169562930599  2347.80785630369973660  
-0.00003251653396874  0.15313104463538488  2385.61787991386563590  
-0.00003251879856637  0.15266153858732487  2422.96059234738322630  
-0.00003251407929366  0.15218211775236293  2459.80815194021943171  
-0.00003250663601552  0.15170175708076797  2496.18321962347454246  
-0.00003250366625962  0.15125164281406914  2532.08052626227163273  
-0.00003247844536348  0.15072967240847421  2567.56621749111855024  
-0.00003248610943488  0.15034637146993143  2602.54944134461720751  
-0.00003249247339696  0.14998548428248637  2637.11088817823792851  
-0.00003247746588470  0.14954189405094839  2671.33141878300602912  
-0.00003248003190502  0.14918026164870779  2705.14780740137757675  
-0.00003248829701500  0.14887163747888660  2738.57126323563352344  
-0.00003247799688762  0.14848047093928857  2771.75180494114283647  
-0.00003247098291703  0.14812056741709828  2804.61362179718207699  
-0.00003247997915378  0.14785586765436143  2837.14342223904168350  
-0.00003248702950012  0.14759067511563151  2869.47611916166533774  
-0.00003247616335518  0.14725397203047255  2901.63990001916226902  
-0.00003250472263215  0.14711534345375057  2933.55450363376849054  
-0.00003249172941369  0.14681498092412471  2965.44160610689414170  
-0.00003248160445243  0.14654266733121232  2997.24146138192145372  
-0.00003250422725298  0.14643222150937027  3028.96419249342307012  
-0.00003249804406904  0.14619954877546293  3060.83943168685345881  
-0.00003251015264999  0.14607885457811701  3092.75976494788255877  
-0.00003250736243930  0.14591010286929867  3124.90673481464955330  
-0.00003252368363030  0.14584042353640286  3157.30668983118221149  
-0.00003251823280800  0.14570415146072327  3190.13953510045985240  
-0.00003255241819063  0.14573912859619817  3223.36263791719011351  
-0.00003249788391661  0.14551213224248105  3257.36069168457788692  
