-0.00003280110043053  0.17967309338561449  666.12745226874562832  
-0.00003287280956015  0.17827077684949061  728.73363804248060660  
-0.00003287280956015  0.17827077684948772  786.23363804248424458  
-0.00003270061341663  0.17577995193517368  846.87964357831742745  
-0.00003270061341663  0.17577995193517681  904.35969361047864368  
-0.00003265037894799  0.17467962840423504  956.08224894793954718  
-0.00003260680641929  0.17355687174068105  1019.30943589570040331  
-0.00003260680641929  0.17355687174068307  1075.46011352927212101  
-0.00003258601613727  0.17158622984655375  1131.41286946905393052  
-0.00003258966623824  0.17078168508204097  1186.02597122847191713  
-0.00003255987204249  0.16973609281620378  1240.27364243711008385  
-0.00003257851927692  0.16896470072675232  1293.51888298267476785  
-0.00003258943295426  0.16817407571595266  1346.05856070547861236  
-0.00003260428336627  0.16743300520485313  1397.80290975178331792  
-0.00003261512572249  0.16665495257797747  1448.90988670878391531  
-0.00003256156525543  0.16568341752886359  1499.40748227676249371  
-0.00003255241250073  0.16490835751647009  1549.04549861642090036  
-0.00003256510934980  0.16421474492706722  1597.95646228066607364  
-0.00003253013748460  0.16331533520823183  1646.37899339164414414  
-0.00003251459037956  0.16252673668669282  1694.04758654339866553  
-0.00003251295833119  0.16179529792568423  1741.00219972563036208  
-0.00003252827828920  0.16117504062510507  1787.18922798582116229  
-0.00003248391237701  0.16036039206698838  1832.82458984141521796  
-0.00003251724775037  0.15984325759024751  1877.62683710975034046  
-0.00003247961560766  0.15905267906381662  1922.02488474185156520  
-0.00003248622748071  0.15844176061368601  1965.66902316156074448  
-0.00003248275240891  0.15784008595792040  2008.62270885856787572  
-0.00003246224859055  0.15715033056669270  2051.10912218161047349  
-0.00003248742094842  0.15668738188483045  2092.78722471893297552  
-0.00003246988857413  0.15603588199580146  2134.04353888337800527  
-0.00003251072481268  0.15567462347084390  2174.49433229312762705  
-0.00003245352626960  0.15486965973881281  2214.75702152012581791  
-0.00003248295825641  0.15448192471255859  2254.12029983714955961  
-0.00003247279882570  0.15393655338681994  2293.03140726731317045  
-0.00003245928126688  0.15336712570454525  2331.50677096922299825  
-0.00003248071444956  0.15298654650112997  2369.24579678696318297  
-0.00003245254948892  0.15239615669541920  2406.67800382302721118  
-0.00003247045027763  0.15201170676851475  2443.47458842219884900  
-0.00003247421819854  0.15157883064548486  2479.83367992570401839  
-0.00003245826950617  0.15106871727284746  2515.78302663890553958  
-0.00003246888859742  0.15070038826795518  2551.20579217453996534  
-0.00003247506700474  0.15031261716785904  2586.20152263634417977  
-0.00003247834664036  0.14993012810774850  2620.79701924988967221  
-0.00003246235183252  0.14948556135151608  2655.04122585740151408  
-0.00003246482972661  0.14912223746474740  2688.87335506142335362  
-0.00003247430714753  0.14880209071311618  2722.32581709030864658  
-0.00003246390125656  0.14843337985112404  2755.48485550832901936  
-0.00003245520862016  0.14807461717355166  2788.35625851316217449  
-0.00003246253244362  0.14779216422885844  2820.92722821785673659  
-0.00003245795456543  0.14748584422972075  2853.27971281315103624  
-0.00003245124130443  0.14717316992272944  2885.45353776427191406  
-0.00003244859203059  0.14691021102350421  2917.40397497704043417  
-0.00003245634140095  0.14668895665456702  2949.31479609880352655  
-0.00003246257970754  0.14647016768654314  2981.11681049370963592  
-0.00003246706268964  0.14627633594576933  3012.90418516951103811  
-0.00003249137340458  0.14618282967516916  3044.69338910277929244  
-0.00003248719332117  0.14600057087026175  3076.64680547865236804  
-0.00003249374732786  0.14584449866950239  3108.84293707426559195  
-0.00003257352319465  0.14599502473758483  3141.08363813568757905  
-0.00003256553013014  0.14580602900223233  3173.90665297839677805  
-0.00003152556545241  0.14047390350737823  3209.57956382659631345  
-0.00003251409918594  0.14560818659352120  3240.57236379075857258  
