-0.00003299424705239  0.17858879255929244  864.60141988169618799  
-0.00003247288522337  0.17516297673339634  926.05615582230757354  
-0.00003287920452946  0.17619481449617666  981.72618262913090348  
-0.00003289466055316  0.17532859078518989  1038.78784048478200930  
-0.00003291361376343  0.17445688127896808  1095.15944722826384350  
-0.00003286642097749  0.17333654495652873  1150.95211220602823232  
-0.00003285800746299  0.17241877634664668  1205.81431327396239794  
-0.00003283052631750  0.17142245830284455  1259.98335339786558507  
-0.00003281624765231  0.17051996443215800  1313.32863459822738150  
-0.00003279784525525  0.16960898346894715  1365.94262809383894819  
-0.00003278141392361  0.16872754667429157  1417.80586083981120282  
-0.00003276765665110  0.16786984813310823  1468.95161697189701044  
-0.00003274103228453  0.16698424627745720  1519.38119182007949348  
-0.00003273143399231  0.16617497798627562  1569.08071058590121538  
-0.00003271015561827  0.16533053369600867  1618.11111782081252386  
-0.00003269110063093  0.16451523902346357  1666.42263067308408608  
-0.00003268267749607  0.16376296624886363  1714.03570189429979109  
-0.00003266144845910  0.16296960727460669  1760.99732111205730689  
-0.00003265718377946  0.16226705111776463  1807.23321775879708184  
-0.00003263423534364  0.16149746626422193  1852.84874333554876102  
-0.00003262977906552  0.16081711761262243  1897.81050676351947004  
-0.00003259970410442  0.16004075144234495  1942.15394026652529647  
-0.00003258816272822  0.15936728058223343  1985.82798818657829543  
-0.00003258811441281  0.15875361592068155  2028.85087957047971940  
-0.00003257562054239  0.15810242178923631  2071.27913394248525947  
-0.00003255034422294  0.15739286157132576  2113.16925230217793796  
-0.00003255364849614  0.15684256929187609  2154.34429919216336202  
-0.00003252924130897  0.15617381490570467  2195.03173668734234525  
-0.00003253043786410  0.15564313257103596  2235.05512983847529540  
-0.00003251414583645  0.15504112179314147  2274.56892338722082059  
-0.00003252408697700  0.15457057813957037  2313.44852165817292189  
-0.00003251166964452  0.15401685089013531  2351.85286534243869028  
-0.00003251649578451  0.15355210040116885  2389.67825614186494931  
-0.00003250984838652  0.15304218625360433  2427.04126643790459639  
-0.00003251186405043  0.15259619499071961  2463.85196545210010299  
-0.00003250477392169  0.15212217754333668  2500.20699822553706326  
-0.00003250505125010  0.15168926715168604  2536.08510528509032156  
-0.00003248751042772  0.15119152759623231  2571.55332681190520816  
-0.00003248687027158  0.15077984208422590  2606.53694009617129268  
-0.00003249274531850  0.15041654660924950  2641.08901651097312424  
-0.00003247864304276  0.14997678743921769  2675.28996027410266834  
-0.00003248655580598  0.14964573727771543  2709.07244556098157773  
-0.00003249595311977  0.14933093085317939  2742.51764924979897842  
-0.00003248079207628  0.14892494186083768  2775.67712223000535232  
-0.00003247560851915  0.14858195627717782  2808.51008393982237976  
-0.00003248347937124  0.14830551521792584  2841.05323006294429433  
-0.00003249253241288  0.14805209521831908  2873.35736329905694220  
-0.00003248501679997  0.14773788030095134  2905.51055623873708100  
-0.00003248841649468  0.14748890334843515  2937.47262590940908922  
-0.00003250261204390  0.14730019774292108  2969.30153421497925592  
-0.00003249083052283  0.14702341899116764  3001.10833474639457563  
-0.00003251190950321  0.14690469675530812  3032.83107032606767461  
-0.00003251778350842  0.14672788203611623  3064.65771030339328718  
-0.00003251512412521  0.14654007856592652  3096.62263936718409241  
-0.00003251126161805  0.14637283689331243  3128.75712667013067403  
-0.00003252244430226  0.14627691641789298  3161.18853965265134320  
-0.00003253504199760  0.14621708150477464  3193.95807269811803053  
-0.00003253987638668  0.14614606373786995  3227.24698790090860712  
-0.00003256137306545  0.14617556507814991  3261.08954671015271742  
-0.00003257245686714  0.14617751838664250  3295.73718948769146664  
-0.00003263172688440  0.14636781314773906  3331.20805514197809316  
