-0.00003294138415076  0.17744743199587362  847.84206487381311490  
-0.00003294138415076  0.17744743199587362  906.84206487381311490  
-0.00003292098817505  0.17636376652480784  965.03282668371161890  
-0.00003292567135498  0.17542208843412041  1022.32842464532086524  
-0.00003291597535746  0.17446582661393387  1078.74145524098275928  
-0.00003288426445885  0.17340837096642026  1134.51405308818152662  
-0.00003285330688476  0.17237502616842532  1189.45941318679092547  
-0.00003282705483936  0.17140988995639797  1243.59884256809777980  
-0.00003280600292090  0.17046595315936927  1297.00412397076956950  
-0.00003279219422320  0.16959283548665260  1349.59612333372137982  
-0.00003276253707933  0.16863649785789631  1401.53962024395559638  
-0.00003274158572035  0.16776419017792130  1452.67114547437449801  
-0.00003274159373099  0.16699973130850748  1503.05483835267045833  
-0.00003270972565592  0.16609324896581995  1552.83348699036014295  
-0.00003269271078830  0.16527208992171852  1601.85742759520348955  
-0.00003268199340534  0.16449376591730258  1650.16720644739598356  
-0.00003266249853155  0.16369325316732611  1697.81942976571690451  
-0.00003264805811286  0.16292891443370353  1744.77606496645103107  
-0.00003262358920629  0.16213391216518386  1791.07879244917467076  
-0.00003261282270705  0.16141663521690913  1836.69348272281854406  
-0.00003261143560427  0.16075758154065689  1881.62986176348886147  
-0.00003259007782646  0.16001887847644167  1925.97837286832077552  
-0.00003257063123574  0.15930577686141548  1969.68561359684599665  
-0.00003256954862532  0.15868518034372037  2012.73342495314386724  
-0.00003255587346470  0.15802903690044018  2055.18659442887246769  
-0.00003253448715567  0.15734570531759534  2097.06029988431100719  
-0.00003252244936618  0.15671991364421436  2138.31975167756490919  
-0.00003251428778952  0.15612478114580119  2178.95683867460729743  
-0.00003251017221004  0.15556706188030378  2219.01338404649231961  
-0.00003249586189324  0.15498290046151403  2258.51696958537195314  
-0.00003250161611936  0.15449019998578309  2297.43500574669587877  
-0.00003248549789601  0.15391586325845527  2335.88086937118214337  
-0.00003248729482191  0.15344289269319636  2373.71320355132138502  
-0.00003248231322728  0.15294138756071982  2411.08777614215887297  
-0.00003248951851080  0.15251787825151458  2447.89099979417733266  
-0.00003248107864929  0.15203533954392365  2484.27907841525120602  
-0.00003248160741600  0.15160458829507564  2520.16772977567325142  
-0.00003246453420310  0.15111003420136676  2555.64557146325341819  
-0.00003246700084272  0.15071050903045086  2590.64520456944501348  
-0.00003247686996554  0.15035856874062778  2625.20700692908212659  
-0.00003245746163147  0.14989668429319461  2659.44032005487088099  
-0.00003246107353379  0.14954732922641306  2693.25036906770264977  
-0.00003247132630947  0.14924436077782838  2726.68804694532582289  
-0.00003245439495488  0.14882822707063326  2759.87245641959862041  
-0.00003244210004896  0.14844985048519252  2792.75193828743977065  
-0.00003244939644164  0.14817238456203921  2825.31670682408594075  
-0.00003246998634524  0.14796794123171625  2857.60308016421322463  
-0.00003249100932775  0.14777558587602155  2889.70425668650295847  
-0.00003247711587024  0.14745451035807813  2921.72051253571862617  
-0.00003247004193850  0.14718061688958339  2953.59361904763545681  
-0.00003247635366353  0.14697497719015606  2985.39596311348304880  
-0.00003249267767895  0.14683394488429199  3017.14707045322666090  
-0.00003248272670901  0.14659782123437667  3049.00672135673084995  
-0.00003250364243633  0.14650888251438751  3080.92191934706215761  
-0.00003250616604435  0.14636702885360098  3113.07705460370652872  
-0.00003251679605930  0.14627259317122573  3145.50614890753649888  
-0.00003252032789792  0.14617259317122573  3178.48799751954265957  
-0.00003252646675303  0.14611137901628968  3211.62247115373338602  
-0.00003252275257926  0.14601835689338796  3245.57882079849878210  
-0.00003255846420168  0.14612926960922176  3280.17152701567374606  
-0.00003261857595509  0.14630168324364809  3315.68377006911350691  
